<!DOCTYPE html PUBLIC "-//W3C//DTD XHTML 1.1//EN" "https://www.w3.org/TR/xhtml11/DTD/xhtml11.dtd">
<html xmlns="https://www.w3.org/1999/xhtml">
<head>
<meta http-equiv="content-type" content="text/html; charset=UTF-8"/>
<title>TestNG Report</title>
<style type="text/css">table {margin-bottom:10px;border-collapse:collapse;empty-cells:show}th,td {border:1px solid #009;padding:.25em .5em}th {vertical-align:bottom}td {vertical-align:top}table a {font-weight:bold}.stripe td {background-color: #E6EBF9}.num {text-align:right}.passedodd td {background-color: #3F3}.passedeven td {background-color: #0A0}.skippedodd td {background-color: #DDD}.skippedeven td {background-color: #CCC}.failedodd td,.attn {background-color: #F33}.failedeven td,.stripe .attn {background-color: #D00}.stacktrace {white-space:pre;font-family:monospace}.totop {font-size:85%;text-align:center;border-bottom:2px solid #000}.invisible {display:none}</style>
</head>
<body>
<table>
<tr><th>Test</th><th># Passed</th><th># Skipped</th><th># Retried</th><th># Failed</th><th>Time (ms)</th><th>Included Groups</th><th>Excluded Groups</th></tr>
<tr><th colspan="8">Suite</th></tr>
<tr><td><a href="#t0">ProductPage Validation</a></td><td class="num">10</td><td class="num">0</td><td class="num">0</td><td class="num attn">2</td><td class="num">104,257</td><td></td><td></td></tr>
</table>
<table id='summary'><thead><tr><th>Class</th><th>Method</th><th>Start</th><th>Time (ms)</th></tr></thead><tbody><tr><th colspan="4">Suite</th></tr></tbody><tbody id="t0"><tr><th colspan="4">ProductPage Validation &#8212; failed</th></tr><tr class="failedeven"><td rowspan="2">com.tests.ProductPageValidation</td><td><a href="#m0">verifySpecification</a></td><td rowspan="2">1657221573034</td><td rowspan="2">10249</td></tr><tr class="failedeven"><td><a href="#m1">verifySpecification</a></td></tr><tr><th colspan="4">ProductPage Validation &#8212; passed</th></tr><tr class="passedeven"><td rowspan="10">com.tests.ProductPageValidation</td><td><a href="#m2">ProductNavigation</a></td><td rowspan="4">1657221496455</td><td rowspan="4">7098</td></tr><tr class="passedeven"><td><a href="#m3">ProductNavigation</a></td></tr><tr class="passedeven"><td><a href="#m4">ProductNavigation</a></td></tr><tr class="passedeven"><td><a href="#m5">ProductNavigation</a></td></tr><tr class="passedeven"><td><a href="#m6">verifyDescription</a></td><td rowspan="4">1657221539863</td><td rowspan="4">7923</td></tr><tr class="passedeven"><td><a href="#m7">verifyDescription</a></td></tr><tr class="passedeven"><td><a href="#m8">verifyDescription</a></td></tr><tr class="passedeven"><td><a href="#m9">verifyDescription</a></td></tr><tr class="passedeven"><td><a href="#m10">verifySpecification</a></td><td rowspan="2">1657221547859</td><td rowspan="2">7207</td></tr><tr class="passedeven"><td><a href="#m11">verifySpecification</a></td></tr></tbody>
</table>
<h2>ProductPage Validation</h2><h3 id="m0">com.tests.ProductPageValidation#verifySpecification</h3><table class="result"><tr class="param"><th>Parameter #1</th></tr><tr class="param stripe"><td>Canon EOS 5D</td></tr><tr><th>Exception</th></tr><tr><td><div class="stacktrace">org.openqa.selenium.NoSuchElementException: no such element: Unable to locate element: {&quot;method&quot;:&quot;css selector&quot;,&quot;selector&quot;:&quot;#specification\-tab&quot;}
  (Session info: chrome=103.0.5060.66)
For documentation on this error, please visit: https://www.seleniumhq.org/exceptions/no_such_element.html
Build info: version: &apos;3.141.59&apos;, revision: &apos;e82be7d358&apos;, time: &apos;2018-11-14T08:17:03&apos;
System info: host: &apos;HARSHAL&apos;, ip: &apos;192.168.56.1&apos;, os.name: &apos;Windows 10&apos;, os.arch: &apos;amd64&apos;, os.version: &apos;10.0&apos;, java.version: &apos;1.8.0_251&apos;
Driver info: org.openqa.selenium.chrome.ChromeDriver
Capabilities {acceptInsecureCerts: false, browserName: chrome, browserVersion: 103.0.5060.66, chrome: {chromedriverVersion: 103.0.5060.53 (a1711811edd7..., userDataDir: C:\Users\Harshal\AppData\Lo...}, goog:chromeOptions: {debuggerAddress: localhost:34714}, javascriptEnabled: true, networkConnectionEnabled: false, pageLoadStrategy: normal, platform: WINDOWS, platformName: WINDOWS, proxy: Proxy(), setWindowRect: true, strictFileInteractability: false, timeouts: {implicit: 0, pageLoad: 300000, script: 30000}, unhandledPromptBehavior: dismiss and notify, webauthn:extension:credBlob: true, webauthn:extension:largeBlob: true, webauthn:virtualAuthenticators: true}
Session ID: bb4e1dc410d66f3a53a267c0632bbb34
*** Element info: {Using=id, value=specification-tab}
	at org.openqa.selenium.remote.http.W3CHttpResponseCodec.createException(W3CHttpResponseCodec.java:187)
	at org.openqa.selenium.remote.http.W3CHttpResponseCodec.decode(W3CHttpResponseCodec.java:122)
	at org.openqa.selenium.remote.http.W3CHttpResponseCodec.decode(W3CHttpResponseCodec.java:49)
	at org.openqa.selenium.remote.HttpCommandExecutor.execute(HttpCommandExecutor.java:158)
	at org.openqa.selenium.remote.service.DriverCommandExecutor.execute(DriverCommandExecutor.java:83)
	at org.openqa.selenium.remote.RemoteWebDriver.execute(RemoteWebDriver.java:552)
	at org.openqa.selenium.remote.RemoteWebDriver.findElement(RemoteWebDriver.java:323)
	at org.openqa.selenium.remote.RemoteWebDriver.findElementById(RemoteWebDriver.java:372)
	at org.openqa.selenium.By$ById.findElement(By.java:188)
	at org.openqa.selenium.remote.RemoteWebDriver.findElement(RemoteWebDriver.java:315)
	at org.openqa.selenium.support.pagefactory.DefaultElementLocator.findElement(DefaultElementLocator.java:69)
	at org.openqa.selenium.support.pagefactory.internal.LocatingElementHandler.invoke(LocatingElementHandler.java:38)
	at com.sun.proxy.$Proxy11.isDisplayed(Unknown Source)
	at com.pages.SearchProduct.CheckSpecsAvailable(SearchProduct.java:180)
	at com.tests.ProductPageValidation.verifySpecification(ProductPageValidation.java:107)
	at java.util.ArrayList.forEach(ArrayList.java:1257)
... Removed 35 stack frames</div></td></tr></table><p class="totop"><a href="#summary">back to summary</a></p>
<h3 id="m1">com.tests.ProductPageValidation#verifySpecification</h3><table class="result"><tr class="param"><th>Parameter #1</th></tr><tr class="param stripe"><td>iPhone</td></tr><tr><th>Exception</th></tr><tr><td><div class="stacktrace">org.openqa.selenium.NoSuchElementException: no such element: Unable to locate element: {&quot;method&quot;:&quot;css selector&quot;,&quot;selector&quot;:&quot;#specification\-tab&quot;}
  (Session info: chrome=103.0.5060.66)
For documentation on this error, please visit: https://www.seleniumhq.org/exceptions/no_such_element.html
Build info: version: &apos;3.141.59&apos;, revision: &apos;e82be7d358&apos;, time: &apos;2018-11-14T08:17:03&apos;
System info: host: &apos;HARSHAL&apos;, ip: &apos;192.168.56.1&apos;, os.name: &apos;Windows 10&apos;, os.arch: &apos;amd64&apos;, os.version: &apos;10.0&apos;, java.version: &apos;1.8.0_251&apos;
Driver info: org.openqa.selenium.chrome.ChromeDriver
Capabilities {acceptInsecureCerts: false, browserName: chrome, browserVersion: 103.0.5060.66, chrome: {chromedriverVersion: 103.0.5060.53 (a1711811edd7..., userDataDir: C:\Users\Harshal\AppData\Lo...}, goog:chromeOptions: {debuggerAddress: localhost:34714}, javascriptEnabled: true, networkConnectionEnabled: false, pageLoadStrategy: normal, platform: WINDOWS, platformName: WINDOWS, proxy: Proxy(), setWindowRect: true, strictFileInteractability: false, timeouts: {implicit: 0, pageLoad: 300000, script: 30000}, unhandledPromptBehavior: dismiss and notify, webauthn:extension:credBlob: true, webauthn:extension:largeBlob: true, webauthn:virtualAuthenticators: true}
Session ID: bb4e1dc410d66f3a53a267c0632bbb34
*** Element info: {Using=id, value=specification-tab}
	at org.openqa.selenium.remote.http.W3CHttpResponseCodec.createException(W3CHttpResponseCodec.java:187)
	at org.openqa.selenium.remote.http.W3CHttpResponseCodec.decode(W3CHttpResponseCodec.java:122)
	at org.openqa.selenium.remote.http.W3CHttpResponseCodec.decode(W3CHttpResponseCodec.java:49)
	at org.openqa.selenium.remote.HttpCommandExecutor.execute(HttpCommandExecutor.java:158)
	at org.openqa.selenium.remote.service.DriverCommandExecutor.execute(DriverCommandExecutor.java:83)
	at org.openqa.selenium.remote.RemoteWebDriver.execute(RemoteWebDriver.java:552)
	at org.openqa.selenium.remote.RemoteWebDriver.findElement(RemoteWebDriver.java:323)
	at org.openqa.selenium.remote.RemoteWebDriver.findElementById(RemoteWebDriver.java:372)
	at org.openqa.selenium.By$ById.findElement(By.java:188)
	at org.openqa.selenium.remote.RemoteWebDriver.findElement(RemoteWebDriver.java:315)
	at org.openqa.selenium.support.pagefactory.DefaultElementLocator.findElement(DefaultElementLocator.java:69)
	at org.openqa.selenium.support.pagefactory.internal.LocatingElementHandler.invoke(LocatingElementHandler.java:38)
	at com.sun.proxy.$Proxy11.isDisplayed(Unknown Source)
	at com.pages.SearchProduct.CheckSpecsAvailable(SearchProduct.java:180)
	at com.tests.ProductPageValidation.verifySpecification(ProductPageValidation.java:107)
	at java.util.ArrayList.forEach(ArrayList.java:1257)
... Removed 35 stack frames</div></td></tr></table><p class="totop"><a href="#summary">back to summary</a></p>
<h3 id="m2">com.tests.ProductPageValidation#ProductNavigation</h3><table class="result"><tr class="param"><th>Parameter #1</th></tr><tr class="param stripe"><td>Apple Cinema 30</td></tr></table><p class="totop"><a href="#summary">back to summary</a></p>
<h3 id="m3">com.tests.ProductPageValidation#ProductNavigation</h3><table class="result"><tr class="param"><th>Parameter #1</th></tr><tr class="param stripe"><td>iPhone</td></tr></table><p class="totop"><a href="#summary">back to summary</a></p>
<h3 id="m4">com.tests.ProductPageValidation#ProductNavigation</h3><table class="result"><tr class="param"><th>Parameter #1</th></tr><tr class="param stripe"><td>MacBook</td></tr></table><p class="totop"><a href="#summary">back to summary</a></p>
<h3 id="m5">com.tests.ProductPageValidation#ProductNavigation</h3><table class="result"><tr class="param"><th>Parameter #1</th></tr><tr class="param stripe"><td>Canon EOS 5D</td></tr></table><p class="totop"><a href="#summary">back to summary</a></p>
<h3 id="m6">com.tests.ProductPageValidation#verifyDescription</h3><table class="result"><tr class="param"><th>Parameter #1</th></tr><tr class="param stripe"><td>Canon EOS 5D</td></tr></table><p class="totop"><a href="#summary">back to summary</a></p>
<h3 id="m7">com.tests.ProductPageValidation#verifyDescription</h3><table class="result"><tr class="param"><th>Parameter #1</th></tr><tr class="param stripe"><td>Apple Cinema 30</td></tr></table><p class="totop"><a href="#summary">back to summary</a></p>
<h3 id="m8">com.tests.ProductPageValidation#verifyDescription</h3><table class="result"><tr class="param"><th>Parameter #1</th></tr><tr class="param stripe"><td>MacBook</td></tr></table><p class="totop"><a href="#summary">back to summary</a></p>
<h3 id="m9">com.tests.ProductPageValidation#verifyDescription</h3><table class="result"><tr class="param"><th>Parameter #1</th></tr><tr class="param stripe"><td>iPhone</td></tr></table><p class="totop"><a href="#summary">back to summary</a></p>
<h3 id="m10">com.tests.ProductPageValidation#verifySpecification</h3><table class="result"><tr class="param"><th>Parameter #1</th></tr><tr class="param stripe"><td>MacBook</td></tr></table><p class="totop"><a href="#summary">back to summary</a></p>
<h3 id="m11">com.tests.ProductPageValidation#verifySpecification</h3><table class="result"><tr class="param"><th>Parameter #1</th></tr><tr class="param stripe"><td>Apple Cinema 30</td></tr></table><p class="totop"><a href="#summary">back to summary</a></p>
</body>
</html>
